Using pre-set license
Built from '2021.3/evg/staging/82bb020e-b03b1330/draft-0' branch; Version is '2021.3.16f1 (4016570cf34f) revision 4200023'; Using compiler version '192829333'; Build Type 'Release'
OS: 'Windows 11  (10.0.22621) 64bit Core' Language: 'en' Physical Memory: 8112 MB
BatchMode: 1, IsHumanControllingUs: 0, StartBugReporterOnCrash: 0, Is64bit: 1, IsPro: 1

COMMAND LINE ARGUMENTS:
C:\Program Files\Unity\Hub\Editor\2021.3.16f1\Editor\Unity.exe
-adb2
-batchMode
-noUpm
-name
AssetImportWorker3
-projectPath
C:/AliseC
-logFile
Logs/AssetImportWorker3.log
-srvPort
51201
Successfully changed project path to: C:/AliseC
C:/AliseC
[UnityMemory] Configuration Parameters - Can be set up in boot.config
    "memorysetup-bucket-allocator-granularity=16"
    "memorysetup-bucket-allocator-bucket-count=8"
    "memorysetup-bucket-allocator-block-size=33554432"
    "memorysetup-bucket-allocator-block-count=8"
    "memorysetup-main-allocator-block-size=16777216"
    "memorysetup-thread-allocator-block-size=16777216"
    "memorysetup-gfx-main-allocator-block-size=16777216"
    "memorysetup-gfx-thread-allocator-block-size=16777216"
    "memorysetup-cache-allocator-block-size=4194304"
    "memorysetup-typetree-allocator-block-size=2097152"
    "memorysetup-profiler-bucket-allocator-granularity=16"
    "memorysetup-profiler-bucket-allocator-bucket-count=8"
    "memorysetup-profiler-bucket-allocator-block-size=33554432"
    "memorysetup-profiler-bucket-allocator-block-count=8"
    "memorysetup-profiler-allocator-block-size=16777216"
    "memorysetup-profiler-editor-allocator-block-size=1048576"
    "memorysetup-temp-allocator-size-main=16777216"
    "memorysetup-job-temp-allocator-block-size=2097152"
    "memorysetup-job-temp-allocator-block-size-background=1048576"
    "memorysetup-job-temp-allocator-reduction-small-platforms=262144"
    "memorysetup-temp-allocator-size-background-worker=32768"
    "memorysetup-temp-allocator-size-job-worker=262144"
    "memorysetup-temp-allocator-size-preload-manager=33554432"
    "memorysetup-temp-allocator-size-nav-mesh-worker=65536"
    "memorysetup-temp-allocator-size-audio-worker=65536"
    "memorysetup-temp-allocator-size-cloud-worker=32768"
    "memorysetup-temp-allocator-size-gi-baking-worker=262144"
    "memorysetup-temp-allocator-size-gfx=262144"
Player connection [19784] Host "[IP] 172.20.10.3 [Port] 0 [Flags] 2 [Guid] 1975533088 [EditorId] 1975533088 [Version] 1048832 [Id] WindowsEditor(7,LAPTOP-407Q7OBD) [Debug] 1 [PackageName] WindowsEditor [ProjectName] Editor" joined multi-casting on [225.0.0.222:54997]...

Player connection [19784] Host "[IP] 172.20.10.3 [Port] 0 [Flags] 2 [Guid] 1975533088 [EditorId] 1975533088 [Version] 1048832 [Id] WindowsEditor(7,LAPTOP-407Q7OBD) [Debug] 1 [PackageName] WindowsEditor [ProjectName] Editor" joined alternative multi-casting on [225.0.0.222:34997]...

Refreshing native plugins compatible for Editor in 141.32 ms, found 2 plugins.
Preloading 0 native plugins for Editor in 0.00 ms.
Initialize engine version: 2021.3.16f1 (4016570cf34f)
[Subsystems] Discovering subsystems at path C:/Program Files/Unity/Hub/Editor/2021.3.16f1/Editor/Data/Resources/UnitySubsystems
[Subsystems] Discovering subsystems at path C:/AliseC/Assets
GfxDevice: creating device client; threaded=0; jobified=0
Direct3D:
    Version:  Direct3D 11.0 [level 11.1]
    Renderer: NVIDIA GeForce GTX 1650 (ID=0x1f91)
    Vendor:   NVIDIA
    VRAM:     3949 MB
    Driver:   31.0.15.3118
Initialize mono
Mono path[0] = 'C:/Program Files/Unity/Hub/Editor/2021.3.16f1/Editor/Data/Managed'
Mono path[1] = 'C:/Program Files/Unity/Hub/Editor/2021.3.16f1/Editor/Data/MonoBleedingEdge/lib/mono/unityjit-win32'
Mono config path = 'C:/Program Files/Unity/Hub/Editor/2021.3.16f1/Editor/Data/MonoBleedingEdge/etc'
Using monoOptions --debugger-agent=transport=dt_socket,embedding=1,server=y,suspend=n,address=127.0.0.1:56356
Begin MonoManager ReloadAssembly
Registering precompiled unity dll's ...
Register platform support module: C:/Program Files/Unity/Hub/Editor/2021.3.16f1/Editor/Data/PlaybackEngines/AndroidPlayer/UnityEditor.Android.Extensions.dll
Register platform support module: C:/Program Files/Unity/Hub/Editor/2021.3.16f1/Editor/Data/PlaybackEngines/WindowsStandaloneSupport/UnityEditor.WindowsStandalone.Extensions.dll
Registered in 0.020760 seconds.
Native extension for WindowsStandalone target not found
Native extension for Android target not found
Refreshing native plugins compatible for Editor in 148.87 ms, found 2 plugins.
Preloading 0 native plugins for Editor in 0.00 ms.
Mono: successfully reloaded assembly
- Completed reload, in  2.269 seconds
Domain Reload Profiling:
	ReloadAssembly (2270ms)
		BeginReloadAssembly (218ms)
			ExecutionOrderSort (0ms)
			DisableScriptedObjects (0ms)
			BackupInstance (0ms)
			ReleaseScriptingObjects (0ms)
			CreateAndSetChildDomain (2ms)
		EndReloadAssembly (1488ms)
			LoadAssemblies (212ms)
			RebuildTransferFunctionScriptingTraits (0ms)
			SetupTypeCache (470ms)
			ReleaseScriptCaches (0ms)
			RebuildScriptCaches (63ms)
			SetupLoadedEditorAssemblies (814ms)
				LogAssemblyErrors (0ms)
				InitializePlatformSupportModulesInManaged (255ms)
				SetLoadedEditorAssemblies (1ms)
				RefreshPlugins (149ms)
				BeforeProcessingInitializeOnLoad (3ms)
				ProcessInitializeOnLoadAttributes (265ms)
				ProcessInitializeOnLoadMethodAttributes (141ms)
				AfterProcessingInitializeOnLoad (0ms)
				EditorAssembliesLoaded (0ms)
			ExecutionOrderSort2 (0ms)
			AwakeInstancesAfterBackupRestoration (0ms)
Platform modules already initialized, skipping
Registering precompiled user dll's ...
Registered in 0.015343 seconds.
Begin MonoManager ReloadAssembly
Native extension for WindowsStandalone target not found
Native extension for Android target not found
Refreshing native plugins compatible for Editor in 2.10 ms, found 2 plugins.
Preloading 0 native plugins for Editor in 0.00 ms.
Package Manager log level set to [2]
Mono: successfully reloaded assembly
- Completed reload, in  9.396 seconds
Domain Reload Profiling:
	ReloadAssembly (9398ms)
		BeginReloadAssembly (1210ms)
			ExecutionOrderSort (0ms)
			DisableScriptedObjects (19ms)
			BackupInstance (0ms)
			ReleaseScriptingObjects (0ms)
			CreateAndSetChildDomain (289ms)
		EndReloadAssembly (7404ms)
			LoadAssemblies (946ms)
			RebuildTransferFunctionScriptingTraits (0ms)
			SetupTypeCache (1289ms)
			ReleaseScriptCaches (1ms)
			RebuildScriptCaches (233ms)
			SetupLoadedEditorAssemblies (3781ms)
				LogAssemblyErrors (0ms)
				InitializePlatformSupportModulesInManaged (120ms)
				SetLoadedEditorAssemblies (4ms)
				RefreshPlugins (2ms)
				BeforeProcessingInitializeOnLoad (393ms)
				ProcessInitializeOnLoadAttributes (1260ms)
				ProcessInitializeOnLoadMethodAttributes (1920ms)
				AfterProcessingInitializeOnLoad (81ms)
				EditorAssembliesLoaded (1ms)
			ExecutionOrderSort2 (0ms)
			AwakeInstancesAfterBackupRestoration (99ms)
Platform modules already initialized, skipping
Script is not up to date after domain reload: guid(48fcd6ebd5ce8fd4cbe931895233677d) path("Packages/com.unity.ide.visualstudio/Editor/VisualStudioIntegration.cs") state(2)
Script is not up to date after domain reload: guid(2c64241ee5e302b478d7f2522bbaa4e3) path("Packages/com.unity.ide.visualstudio/Editor/VisualStudioForMacInstallation.cs") state(2)
Script is not up to date after domain reload: guid(9f3705b95d031e84c82f140d8e980867) path("Packages/com.unity.ide.visualstudio/Editor/ProjectGeneration/ProjectGeneration.cs") state(2)
Script is not up to date after domain reload: guid(3070b6395b0f5f04faaab13164c6256d) path("Packages/com.unity.ide.visualstudio/Editor/ProjectGeneration/LegacyStyleProjectGeneration.cs") state(2)
Script is not up to date after domain reload: guid(38cb3a4a17d2cfd41926da95ce675934) path("Packages/com.unity.ide.visualstudio/Editor/Messaging/UdpSocket.cs") state(2)
Script is not up to date after domain reload: guid(bb86eea06f54fb24caa7046a8a764945) path("Packages/com.unity.ide.visualstudio/Editor/VisualStudioInstallation.cs") state(2)
Script is not up to date after domain reload: guid(1be5c96ff30e6ec40876f28fd9ab7e24) path("Packages/com.unity.ide.visualstudio/Editor/VisualStudioCodeInstallation.cs") state(2)
Script is not up to date after domain reload: guid(e8aed47cdce10fd4cae32fefa2c34f8f) path("Packages/com.unity.ide.visualstudio/Editor/ProjectGeneration/SdkStyleProjectGeneration.cs") state(2)
Script is not up to date after domain reload: guid(ed8e7c93c781e48df93d063a3c0d2972) path("Packages/com.unity.ide.visualstudio/Editor/SimpleJSON.cs") state(2)
Script is not up to date after domain reload: guid(0173aff8c07e06b42af07ebdd7f08032) path("Packages/com.unity.ide.visualstudio/Editor/VisualStudioEditor.cs") state(2)
Script is not up to date after domain reload: guid(f7b5530092b3a7646bdc7865f1f6ee94) path("Packages/com.unity.ide.visualstudio/Editor/Cli.cs") state(2)
Script is not up to date after domain reload: guid(57537f08f8e923f488e4aadabb831c9b) path("Packages/com.unity.ide.visualstudio/Editor/ProjectGeneration/AssemblyNameProvider.cs") state(2)
Script is not up to date after domain reload: guid(957a5f2d2660a894d926660de2a9d577) path("Packages/com.unity.ide.visualstudio/Editor/ProcessRunner.cs") state(2)
Script is not up to date after domain reload: guid(fbbb1ee655846b043baf6c3502b5ce49) path("Packages/com.unity.ide.visualstudio/Editor/SolutionParser.cs") state(2)
Script is not up to date after domain reload: guid(be7ef402265a7a549b2e43c11d1a22c5) path("Packages/com.unity.ide.visualstudio/Editor/VisualStudioForWindowsInstallation.cs") state(2)
Script is not up to date after domain reload: guid(fa7011e2ea1ff024083fea2179f3df08) path("Packages/com.unity.ide.visualstudio/Editor/ProjectGeneration/ProjectProperties.cs") state(2)
Script is not up to date after domain reload: guid(c6c8b2f6152bd1348ae35f9f95719f75) path("Packages/com.unity.ide.visualstudio/Editor/AsyncOperation.cs") state(2)
Script is not up to date after domain reload: guid(abe003ac6fee32e4892100a78f555011) path("Packages/com.unity.ide.visualstudio/Editor/Discovery.cs") state(2)
========================================================================
Worker process is ready to serve import requests
Script is not up to date after domain reload: guid(48fcd6ebd5ce8fd4cbe931895233677d) path("Packages/com.unity.ide.visualstudio/Editor/VisualStudioIntegration.cs") state(2)
Script is not up to date after domain reload: guid(2c64241ee5e302b478d7f2522bbaa4e3) path("Packages/com.unity.ide.visualstudio/Editor/VisualStudioForMacInstallation.cs") state(2)
Script is not up to date after domain reload: guid(9f3705b95d031e84c82f140d8e980867) path("Packages/com.unity.ide.visualstudio/Editor/ProjectGeneration/ProjectGeneration.cs") state(2)
Script is not up to date after domain reload: guid(38cb3a4a17d2cfd41926da95ce675934) path("Packages/com.unity.ide.visualstudio/Editor/Messaging/UdpSocket.cs") state(2)
Script is not up to date after domain reload: guid(bb86eea06f54fb24caa7046a8a764945) path("Packages/com.unity.ide.visualstudio/Editor/VisualStudioInstallation.cs") state(2)
Script is not up to date after domain reload: guid(1be5c96ff30e6ec40876f28fd9ab7e24) path("Packages/com.unity.ide.visualstudio/Editor/VisualStudioCodeInstallation.cs") state(2)
Script is not up to date after domain reload: guid(e8aed47cdce10fd4cae32fefa2c34f8f) path("Packages/com.unity.ide.visualstudio/Editor/ProjectGeneration/SdkStyleProjectGeneration.cs") state(2)
Script is not up to date after domain reload: guid(ed8e7c93c781e48df93d063a3c0d2972) path("Packages/com.unity.ide.visualstudio/Editor/SimpleJSON.cs") state(2)
Script is not up to date after domain reload: guid(0173aff8c07e06b42af07ebdd7f08032) path("Packages/com.unity.ide.visualstudio/Editor/VisualStudioEditor.cs") state(2)
Script is not up to date after domain reload: guid(f7b5530092b3a7646bdc7865f1f6ee94) path("Packages/com.unity.ide.visualstudio/Editor/Cli.cs") state(2)
Script is not up to date after domain reload: guid(57537f08f8e923f488e4aadabb831c9b) path("Packages/com.unity.ide.visualstudio/Editor/ProjectGeneration/AssemblyNameProvider.cs") state(2)
Script is not up to date after domain reload: guid(957a5f2d2660a894d926660de2a9d577) path("Packages/com.unity.ide.visualstudio/Editor/ProcessRunner.cs") state(2)
Script is not up to date after domain reload: guid(fbbb1ee655846b043baf6c3502b5ce49) path("Packages/com.unity.ide.visualstudio/Editor/SolutionParser.cs") state(2)
Script is not up to date after domain reload: guid(be7ef402265a7a549b2e43c11d1a22c5) path("Packages/com.unity.ide.visualstudio/Editor/VisualStudioForWindowsInstallation.cs") state(2)
Script is not up to date after domain reload: guid(fa7011e2ea1ff024083fea2179f3df08) path("Packages/com.unity.ide.visualstudio/Editor/ProjectGeneration/ProjectProperties.cs") state(2)
Script is not up to date after domain reload: guid(c6c8b2f6152bd1348ae35f9f95719f75) path("Packages/com.unity.ide.visualstudio/Editor/AsyncOperation.cs") state(2)
Script is not up to date after domain reload: guid(abe003ac6fee32e4892100a78f555011) path("Packages/com.unity.ide.visualstudio/Editor/Discovery.cs") state(2)
Launched and connected shader compiler UnityShaderCompiler.exe after 0.10 seconds
Refreshing native plugins compatible for Editor in 1.54 ms, found 2 plugins.
Preloading 0 native plugins for Editor in 0.00 ms.
Unloading 2519 Unused Serialized files (Serialized files now loaded: 0)
Unloading 60 unused Assets / (60.0 KB). Loaded Objects now: 2959.
Memory consumption went from 99.5 MB to 99.5 MB.
Total: 35.632500 ms (FindLiveObjects: 0.397800 ms CreateObjectMapping: 0.279800 ms MarkObjects: 34.260400 ms  DeleteObjects: 0.692400 ms)

AssetImportParameters requested are different than current active one (requested -> active):
  custom:video-decoder-ogg-theora: a1e56fd34408186e4bbccfd4996cb3dc -> 
  custom:container-muxer-webm: aa71ff27fc2769a1b78a27578f13a17b -> 
  custom:container-demuxer-webm: 4f35f7cbe854078d1ac9338744f61a02 -> 
  custom:video-encoder-webm-vp8: eb34c28f22e8b96e1ab97ce403110664 -> 
  custom:video-codec-MediaFoundation-h265: 746d11721c4dcdbdad8f713fa42b33f4 -> 
  custom:audio-encoder-webm-vorbis: bf7c407c2cedff20999df2af8eb42d56 -> 
  custom:framework-win-MediaFoundation: 216162199b28c13a410421893ffa2e32 -> 
  custom:container-demuxer-ogg: 62fdf1f143b41e24485cea50d1cbac27 -> 
  custom:video-decoder-webm-vp8: 9c59270c3fd7afecdb556c50c9e8de78 -> 
  custom:audio-decoder-ogg-vorbis: bf7c407c2cedff20999df2af8eb42d56 -> 
========================================================================
Received Prepare
Registering precompiled user dll's ...
Registered in 0.006690 seconds.
Begin MonoManager ReloadAssembly
Native extension for WindowsStandalone target not found
Native extension for Android target not found
Refreshing native plugins compatible for Editor in 9.48 ms, found 2 plugins.
Preloading 0 native plugins for Editor in 0.00 ms.
Mono: successfully reloaded assembly
- Completed reload, in  8.136 seconds
Domain Reload Profiling:
	ReloadAssembly (8138ms)
		BeginReloadAssembly (517ms)
			ExecutionOrderSort (0ms)
			DisableScriptedObjects (15ms)
			BackupInstance (0ms)
			ReleaseScriptingObjects (0ms)
			CreateAndSetChildDomain (87ms)
		EndReloadAssembly (7388ms)
			LoadAssemblies (618ms)
			RebuildTransferFunctionScriptingTraits (0ms)
			SetupTypeCache (1885ms)
			ReleaseScriptCaches (9ms)
			RebuildScriptCaches (255ms)
			SetupLoadedEditorAssemblies (4283ms)
				LogAssemblyErrors (0ms)
				InitializePlatformSupportModulesInManaged (333ms)
				SetLoadedEditorAssemblies (1ms)
				RefreshPlugins (10ms)
				BeforeProcessingInitializeOnLoad (1147ms)
				ProcessInitializeOnLoadAttributes (2090ms)
				ProcessInitializeOnLoadMethodAttributes (677ms)
				AfterProcessingInitializeOnLoad (25ms)
				EditorAssembliesLoaded (1ms)
			ExecutionOrderSort2 (0ms)
			AwakeInstancesAfterBackupRestoration (18ms)
Platform modules already initialized, skipping
Refreshing native plugins compatible for Editor in 11.11 ms, found 2 plugins.
Preloading 0 native plugins for Editor in 0.00 ms.
Unloading 2504 Unused Serialized files (Serialized files now loaded: 0)
Unloading 49 unused Assets / (25.6 KB). Loaded Objects now: 2968.
Memory consumption went from 97.8 MB to 97.7 MB.
Total: 26.002000 ms (FindLiveObjects: 0.339000 ms CreateObjectMapping: 0.171200 ms MarkObjects: 25.426900 ms  DeleteObjects: 0.063300 ms)

AssetImportParameters requested are different than current active one (requested -> active):
  custom:video-decoder-ogg-theora: a1e56fd34408186e4bbccfd4996cb3dc -> 
  custom:container-muxer-webm: aa71ff27fc2769a1b78a27578f13a17b -> 
  custom:container-demuxer-webm: 4f35f7cbe854078d1ac9338744f61a02 -> 
  custom:video-encoder-webm-vp8: eb34c28f22e8b96e1ab97ce403110664 -> 
  custom:video-codec-MediaFoundation-h265: 746d11721c4dcdbdad8f713fa42b33f4 -> 
  custom:audio-encoder-webm-vorbis: bf7c407c2cedff20999df2af8eb42d56 -> 
  custom:framework-win-MediaFoundation: 216162199b28c13a410421893ffa2e32 -> 
  custom:container-demuxer-ogg: 62fdf1f143b41e24485cea50d1cbac27 -> 
  custom:video-decoder-webm-vp8: 9c59270c3fd7afecdb556c50c9e8de78 -> 
  custom:audio-decoder-ogg-vorbis: bf7c407c2cedff20999df2af8eb42d56 -> 
========================================================================
Received Prepare
Registering precompiled user dll's ...
Registered in 0.014875 seconds.
